

Started GET "/assets/rails.png" for 127.0.0.1 at 2013-06-07 22:33:57 -0400
Served asset /rails.png - 200 OK (1ms)


Started GET "/" for 127.0.0.1 at 2013-06-07 22:42:15 -0400
  Processing by HomeController#index as HTML
Rendered home/index.html.erb within layouts/application (2.4ms)
Compiled application.css  (0ms)  (pid 6117)
Compiled home.css  (33ms)  (pid 6117)
Compiled application.js  (1ms)  (pid 6117)
Compiled jquery.js  (1ms)  (pid 6117)
Compiled jquery_ujs.js  (0ms)  (pid 6117)
Compiled home.js  (54ms)  (pid 6117)
Completed 200 OK in 153ms (Views: 152.9ms | ActiveRecord: 0.0ms)


Started GET "/assets/application.css?body=1" for 127.0.0.1 at 2013-06-07 22:42:15 -0400
Served asset /application.css - 200 OK (2ms)


Started GET "/assets/home.css?body=1" for 127.0.0.1 at 2013-06-07 22:42:15 -0400
Served asset /home.css - 200 OK (4ms)


Started GET "/assets/jquery.js?body=1" for 127.0.0.1 at 2013-06-07 22:42:15 -0400
Served asset /jquery.js - 200 OK (13ms)


Started GET "/assets/home.js?body=1" for 127.0.0.1 at 2013-06-07 22:42:15 -0400
Served asset /home.js - 200 OK (4ms)


Started GET "/assets/jquery_ujs.js?body=1" for 127.0.0.1 at 2013-06-07 22:42:15 -0400
Served asset /jquery_ujs.js - 200 OK (5ms)


Started GET "/assets/application.js?body=1" for 127.0.0.1 at 2013-06-07 22:42:15 -0400
Served asset /application.js - 200 OK (30ms)
  [1m[36m (0.0ms)[0m  [1mselect sqlite_version(*)[0m
  [1m[35m (128.1ms)[0m  CREATE TABLE "schema_migrations" ("version" varchar(255) NOT NULL) 
  [1m[36m (0.1ms)[0m  [1mPRAGMA index_list("schema_migrations")[0m
  [1m[35m (116.7ms)[0m  CREATE UNIQUE INDEX "unique_schema_migrations" ON "schema_migrations" ("version")
  [1m[36m (0.1ms)[0m  [1mSELECT "schema_migrations"."version" FROM "schema_migrations" [0m
Migrating to CreatePosts (20130608024859)
  [1m[35m (0.3ms)[0m  CREATE TABLE "posts" ("id" INTEGER PRIMARY KEY AUTOINCREMENT NOT NULL, "name" varchar(255), "title" varchar(255), "content" text, "created_at" datetime, "updated_at" datetime) 
  [1m[36m (0.1ms)[0m  [1mINSERT INTO "schema_migrations" ("version") VALUES ('20130608024859')[0m
  [1m[35m (0.2ms)[0m  select sqlite_version(*)
  [1m[36m (0.1ms)[0m  [1mSELECT "schema_migrations"."version" FROM "schema_migrations" [0m
  [1m[35m (0.1ms)[0m  PRAGMA index_list("posts")
